mode: set
github.com/2pizzzza/plumbing/internal/lib/logger/sl/sl.go:5.31,10.2 1 0
github.com/2pizzzza/plumbing/internal/http/auth/server.go:19.53,24.2 1 0
github.com/2pizzzza/plumbing/internal/http/auth/server.go:26.53,29.2 2 0
github.com/2pizzzza/plumbing/internal/http/auth/user.go:22.67,24.61 2 0
github.com/2pizzzza/plumbing/internal/http/auth/user.go:24.61,27.3 2 0
github.com/2pizzzza/plumbing/internal/http/auth/user.go:29.2,29.84 1 0
github.com/2pizzzza/plumbing/internal/http/auth/user.go:29.84,33.3 3 0
github.com/2pizzzza/plumbing/internal/http/auth/user.go:35.2,35.35 1 0
github.com/2pizzzza/plumbing/internal/http/auth/user.go:49.64,51.61 2 0
github.com/2pizzzza/plumbing/internal/http/auth/user.go:51.61,54.3 2 0
github.com/2pizzzza/plumbing/internal/http/auth/user.go:56.2,57.16 2 0
github.com/2pizzzza/plumbing/internal/http/auth/user.go:57.16,60.3 2 0
github.com/2pizzzza/plumbing/internal/http/auth/user.go:62.2,62.71 1 0
github.com/2pizzzza/plumbing/cmd/plumbing/docs/docs.go:3338.13,3340.2 1 0
github.com/2pizzzza/plumbing/internal/service/auth/service.go:24.9,30.2 1 0
github.com/2pizzzza/plumbing/internal/service/auth/user.go:10.79,12.2 1 0
github.com/2pizzzza/plumbing/internal/service/auth/user.go:14.86,16.16 2 0
github.com/2pizzzza/plumbing/internal/service/auth/user.go:16.16,18.3 1 0
github.com/2pizzzza/plumbing/internal/service/auth/user.go:20.2,20.95 1 0
github.com/2pizzzza/plumbing/internal/service/auth/user.go:20.95,22.3 1 0
github.com/2pizzzza/plumbing/internal/service/auth/user.go:24.2,25.16 2 0
github.com/2pizzzza/plumbing/internal/service/auth/user.go:25.16,27.3 1 0
github.com/2pizzzza/plumbing/internal/service/auth/user.go:28.2,28.27 1 0
github.com/2pizzzza/plumbing/internal/app/http/app.go:22.111,48.2 8 0
github.com/2pizzzza/plumbing/internal/app/http/app.go:50.25,51.32 1 0
github.com/2pizzzza/plumbing/internal/app/http/app.go:51.32,52.13 1 0
github.com/2pizzzza/plumbing/internal/app/http/app.go:56.27,67.54 4 0
github.com/2pizzzza/plumbing/internal/app/http/app.go:67.54,69.3 1 0
github.com/2pizzzza/plumbing/internal/app/http/app.go:71.2,71.12 1 0
github.com/2pizzzza/plumbing/internal/app/http/app.go:74.22,79.45 3 0
github.com/2pizzzza/plumbing/internal/app/http/app.go:79.45,81.3 1 0
github.com/2pizzzza/plumbing/internal/config/config.go:22.41,25.16 2 0
github.com/2pizzzza/plumbing/internal/config/config.go:25.16,28.3 2 0
github.com/2pizzzza/plumbing/internal/config/config.go:30.2,48.8 9 0
github.com/2pizzzza/plumbing/cmd/plumbing/main.go:31.13,34.16 2 0
github.com/2pizzzza/plumbing/cmd/plumbing/main.go:34.16,36.3 1 0
github.com/2pizzzza/plumbing/cmd/plumbing/main.go:38.2,43.16 4 0
github.com/2pizzzza/plumbing/cmd/plumbing/main.go:43.16,45.3 1 0
github.com/2pizzzza/plumbing/cmd/plumbing/main.go:46.2,60.28 8 0
github.com/2pizzzza/plumbing/cmd/plumbing/main.go:63.43,65.13 2 0
github.com/2pizzzza/plumbing/cmd/plumbing/main.go:66.16,69.4 1 0
github.com/2pizzzza/plumbing/cmd/plumbing/main.go:70.14,74.4 1 0
github.com/2pizzzza/plumbing/cmd/plumbing/main.go:75.15,78.4 1 0
github.com/2pizzzza/plumbing/cmd/plumbing/main.go:81.2,81.12 1 0
github.com/2pizzzza/plumbing/cmd/plumbing/main.go:84.35,86.16 2 0
github.com/2pizzzza/plumbing/cmd/plumbing/main.go:86.16,88.3 1 0
github.com/2pizzzza/plumbing/cmd/plumbing/main.go:90.2,90.17 1 0
github.com/2pizzzza/plumbing/internal/lib/jwt/jwt.go:15.48,25.2 3 0
github.com/2pizzzza/plumbing/internal/lib/jwt/jwt.go:27.54,28.101 1 0
github.com/2pizzzza/plumbing/internal/lib/jwt/jwt.go:28.101,30.3 1 0
github.com/2pizzzza/plumbing/internal/lib/jwt/jwt.go:32.2,32.61 1 0
github.com/2pizzzza/plumbing/internal/lib/jwt/jwt.go:32.61,34.3 1 0
github.com/2pizzzza/plumbing/internal/lib/jwt/jwt.go:35.2,35.17 1 0
github.com/2pizzzza/plumbing/internal/app/app.go:23.8,26.16 2 0
github.com/2pizzzza/plumbing/internal/app/app.go:26.16,28.3 1 0
github.com/2pizzzza/plumbing/internal/app/app.go:30.2,40.3 6 0
github.com/2pizzzza/plumbing/internal/utils/json.go:9.65,13.16 4 0
github.com/2pizzzza/plumbing/internal/utils/json.go:13.16,15.3 1 0
github.com/2pizzzza/plumbing/internal/utils/json.go:16.2,16.12 1 0
github.com/2pizzzza/plumbing/internal/utils/json.go:19.81,22.56 3 0
github.com/2pizzzza/plumbing/internal/utils/json.go:22.56,24.3 1 0
